<?xml version="1.0" encoding="UTF-8"?>
<testsuite name="com.uca.Tests" tests="1" skipped="0" failures="0" errors="0" timestamp="2023-04-03T08:57:58" hostname="sci-003-11l" time="0.011">
  <properties/>
  <testcase name="testConverter()" classname="com.uca.Tests" time="0.011"/>
  <system-out><![CDATA[]]></system-out>
  <system-err><![CDATA[]]></system-err>
</testsuite>
